Using pre-set license
Built from '2020.3/release' branch; Version is '2020.3.12f1 (b3b2c6512326) revision 11776710'; Using compiler version '192528614'; Build Type 'Release'
OS: 'Windows 10 Home Single Language; OS build 19043.1237; Version 2009; 64bit' Language: 'en' Physical Memory: 8023 MB
BatchMode: 1, IsHumanControllingUs: 0, StartBugReporterOnCrash: 0, Is64bit: 1, IsPro: 0

 COMMAND LINE ARGUMENTS:
C:\Program Files\Unity\Hub\Editor\2020.3.12f1\Editor\Unity.exe
-adb2
-batchMode
-noUpm
-name
AssetImportWorker0
-projectPath
D:/Block Breaker
-logFile
Logs/AssetImportWorker0.log
-srvPort
60614
Successfully changed project path to: D:/Block Breaker
D:/Block Breaker
Using Asset Import Pipeline V2.
Refreshing native plugins compatible for Editor in 36.35 ms, found 3 plugins.
Preloading 0 native plugins for Editor in 0.00 ms.
Initialize engine version: 2020.3.12f1 (b3b2c6512326)
[Subsystems] Discovering subsystems at path C:/Program Files/Unity/Hub/Editor/2020.3.12f1/Editor/Data/Resources/UnitySubsystems
[Subsystems] Discovering subsystems at path D:/Block Breaker/Assets
GfxDevice: creating device client; threaded=0
Direct3D:
    Version:  Direct3D 11.0 [level 11.1]
    Renderer: NVIDIA GeForce GTX 1650 Ti (ID=0x1f95)
    Vendor:   
    VRAM:     3962 MB
    Driver:   30.0.14.7111
Initialize mono
Mono path[0] = 'C:/Program Files/Unity/Hub/Editor/2020.3.12f1/Editor/Data/Managed'
Mono path[1] = 'C:/Program Files/Unity/Hub/Editor/2020.3.12f1/Editor/Data/MonoBleedingEdge/lib/mono/unityjit'
Mono config path = 'C:/Program Files/Unity/Hub/Editor/2020.3.12f1/Editor/Data/MonoBleedingEdge/etc'
Using monoOptions --debugger-agent=transport=dt_socket,embedding=1,server=y,suspend=n,address=127.0.0.1:56172
Begin MonoManager ReloadAssembly
Registering precompiled unity dll's ...
Register platform support module: C:/Program Files/Unity/Hub/Editor/2020.3.12f1/Editor/Data/PlaybackEngines/WebGLSupport/UnityEditor.WebGL.Extensions.dll
Register platform support module: C:/Program Files/Unity/Hub/Editor/2020.3.12f1/Editor/Data/PlaybackEngines/WindowsStandaloneSupport/UnityEditor.WindowsStandalone.Extensions.dll
Registered in 0.001919 seconds.
Native extension for WindowsStandalone target not found
Native extension for WebGL target not found
Refreshing native plugins compatible for Editor in 34.97 ms, found 3 plugins.
Preloading 0 native plugins for Editor in 0.00 ms.
Mono: successfully reloaded assembly
- Completed reload, in  0.936 seconds
Platform modules already initialized, skipping
Registering precompiled user dll's ...
Registered in 0.002113 seconds.
Begin MonoManager ReloadAssembly
Native extension for WindowsStandalone target not found
Native extension for WebGL target not found
Refreshing native plugins compatible for Editor in 35.20 ms, found 3 plugins.
Preloading 0 native plugins for Editor in 0.00 ms.
Mono: successfully reloaded assembly
- Completed reload, in  0.929 seconds
Platform modules already initialized, skipping
========================================================================
Worker process is ready to serve import requests
Launched and connected shader compiler UnityShaderCompiler.exe after 0.03 seconds
Refreshing native plugins compatible for Editor in 0.50 ms, found 3 plugins.
Preloading 0 native plugins for Editor in 0.00 ms.
Unloading 2134 Unused Serialized files (Serialized files now loaded: 0)
System memory in use before: 96.2 MB.
System memory in use after: 96.1 MB.

Unloading 33 unused Assets to reduce memory usage. Loaded Objects now: 2569.
Total: 2.078400 ms (FindLiveObjects: 0.233300 ms CreateObjectMapping: 0.095100 ms MarkObjects: 1.621400 ms  DeleteObjects: 0.127500 ms)

AssetImportParameters requested are different than current active one (requested -> active):
  custom:framework-win-MediaFoundation: 216162199b28c13a410421893ffa2e32 -> 
  custom:video-decoder-ogg-theora: a1e56fd34408186e4bbccfd4996cb3dc -> 
  custom:container-muxer-webm: aa71ff27fc2769a1b78a27578f13a17b -> 
  custom:container-demuxer-webm: 4f35f7cbe854078d1ac9338744f61a02 -> 
  custom:container-demuxer-ogg: 62fdf1f143b41e24485cea50d1cbac27 -> 
  custom:video-encoder-webm-vp8: eb34c28f22e8b96e1ab97ce403110664 -> 
  custom:video-decoder-webm-vp8: 9c59270c3fd7afecdb556c50c9e8de78 -> 
  custom:audio-decoder-ogg-vorbis: bf7c407c2cedff20999df2af8eb42d56 -> 
  custom:audio-encoder-webm-vorbis: bf7c407c2cedff20999df2af8eb42d56 -> 
========================================================================
Received Import Request.
  path: Assets/Scenes/level 2.unity
  artifactKey: Guid(d11d3cf8490117c408a8b690e6d8bd20) Importer(815301076,1909f56bfc062723c751e8b465ee728b)
Start importing Assets/Scenes/level 2.unity using Guid(d11d3cf8490117c408a8b690e6d8bd20) Importer(815301076,1909f56bfc062723c751e8b465ee728b)  -> (artifact id: 'c7ed4ee0e30733d51901a4df4bad36b4') in 0.011283 seconds 
  Import took 0.014245 seconds .

========================================================================
Received Import Request.
  Time since last request: 70.276037 seconds.
  path: Assets/scripts/gamestatus.cs
  artifactKey: Guid(647bd10b1ad79974f8f1085539d0908f) Importer(815301076,1909f56bfc062723c751e8b465ee728b)
Start importing Assets/scripts/gamestatus.cs using Guid(647bd10b1ad79974f8f1085539d0908f) Importer(815301076,1909f56bfc062723c751e8b465ee728b)  -> (artifact id: '2d159dcba3ecd28c1877cbd83d1fb991') in 0.027413 seconds 
  Import took 0.031190 seconds .

========================================================================
Received Import Request.
  Time since last request: 8.244127 seconds.
  path: Assets/scripts/Paddle.cs
  artifactKey: Guid(bdd091acbc8a9ef4ba18c768d857f4d6) Importer(815301076,1909f56bfc062723c751e8b465ee728b)
Start importing Assets/scripts/Paddle.cs using Guid(bdd091acbc8a9ef4ba18c768d857f4d6) Importer(815301076,1909f56bfc062723c751e8b465ee728b)  -> (artifact id: '1d2a83ebf2541401bfa18bae73ce10e5') in 0.008286 seconds 
  Import took 0.012987 seconds .

========================================================================
Received Import Request.
  Time since last request: 0.000562 seconds.
  path: Assets/scripts/Paddle.cs
  artifactKey: Guid(bdd091acbc8a9ef4ba18c768d857f4d6) Importer(815301076,1909f56bfc062723c751e8b465ee728b)
Start importing Assets/scripts/Paddle.cs using Guid(bdd091acbc8a9ef4ba18c768d857f4d6) Importer(815301076,1909f56bfc062723c751e8b465ee728b)  -> (artifact id: '1d2a83ebf2541401bfa18bae73ce10e5') in 0.003752 seconds 
  Import took 0.007928 seconds .

========================================================================
Received Import Request.
  Time since last request: 2.334687 seconds.
  path: Assets/scripts/block.cs
  artifactKey: Guid(9e031cbe4915f9c4686d05e95cf9c5f8) Importer(815301076,1909f56bfc062723c751e8b465ee728b)
Start importing Assets/scripts/block.cs using Guid(9e031cbe4915f9c4686d05e95cf9c5f8) Importer(815301076,1909f56bfc062723c751e8b465ee728b)  -> (artifact id: 'd977f19f5e6700ca01323b9bcd201621') in 0.007851 seconds 
  Import took 0.012394 seconds .

========================================================================
Received Import Request.
  Time since last request: 0.000554 seconds.
  path: Assets/scripts/block.cs
  artifactKey: Guid(9e031cbe4915f9c4686d05e95cf9c5f8) Importer(815301076,1909f56bfc062723c751e8b465ee728b)
Start importing Assets/scripts/block.cs using Guid(9e031cbe4915f9c4686d05e95cf9c5f8) Importer(815301076,1909f56bfc062723c751e8b465ee728b)  -> (artifact id: 'd977f19f5e6700ca01323b9bcd201621') in 0.004311 seconds 
  Import took 0.009884 seconds .

========================================================================
Received Import Request.
  Time since last request: 450.119041 seconds.
  path: Assets/TextMesh Pro/Examples & Extras/Resources/Color Gradient Presets/Blue to Purple - Vertical.asset
  artifactKey: Guid(479a66fa4b094512a62b0a8e553ad95a) Importer(815301076,1909f56bfc062723c751e8b465ee728b)
Start importing Assets/TextMesh Pro/Examples & Extras/Resources/Color Gradient Presets/Blue to Purple - Vertical.asset using Guid(479a66fa4b094512a62b0a8e553ad95a) Importer(815301076,1909f56bfc062723c751e8b465ee728b)  -> (artifact id: 'bc07a8244a4314f0321e18ac677f9360') in 0.010277 seconds 
  Import took 0.014641 seconds .

========================================================================
Received Import Request.
  Time since last request: 0.167316 seconds.
  path: Assets/TextMesh Pro/Examples & Extras/Textures/Brushed Metal 3.jpg
  artifactKey: Guid(f88677df267a41d6be1e7a6133e7d227) Importer(815301076,1909f56bfc062723c751e8b465ee728b)
Start importing Assets/TextMesh Pro/Examples & Extras/Textures/Brushed Metal 3.jpg using Guid(f88677df267a41d6be1e7a6133e7d227) Importer(815301076,1909f56bfc062723c751e8b465ee728b)  -> (artifact id: '4840aca3da85459ad29731c942d57661') in 0.062119 seconds 
  Import took 0.065958 seconds .

========================================================================
Received Import Request.
  Time since last request: 0.000173 seconds.
  path: Assets/TextMesh Pro/Examples & Extras/Resources/Color Gradient Presets/Dark to Light Green - Vertical.asset
  artifactKey: Guid(4c86a3366cd840348ebe8dc438570ee4) Importer(815301076,1909f56bfc062723c751e8b465ee728b)
Start importing Assets/TextMesh Pro/Examples & Extras/Resources/Color Gradient Presets/Dark to Light Green - Vertical.asset using Guid(4c86a3366cd840348ebe8dc438570ee4) Importer(815301076,1909f56bfc062723c751e8b465ee728b)  -> (artifact id: 'efb3d9679bbf530621ea8b57218252b9') in 0.005364 seconds 
  Import took 0.008424 seconds .

========================================================================
Received Import Request.
  Time since last request: 0.035608 seconds.
  path: Assets/TextMesh Pro/Examples & Extras/Resources/Sprite Assets/Default Sprite Asset.asset
  artifactKey: Guid(fbef3c704dce48f08a44612d6c856c8d) Importer(815301076,1909f56bfc062723c751e8b465ee728b)
Start importing Assets/TextMesh Pro/Examples & Extras/Resources/Sprite Assets/Default Sprite Asset.asset using Guid(fbef3c704dce48f08a44612d6c856c8d) Importer(815301076,1909f56bfc062723c751e8b465ee728b)  -> (artifact id: 'c973cc116ecb21210af400c65aa57860') in 0.013602 seconds 
  Import took 0.017356 seconds .

AssetImportWorkerClient::OnTransportError - code=2 error=End of file
